This file contains any messages produced by compilers while
running configure, to aid debugging if configure makes a mistake.

It was created by my_program configure 0.1, which was
generated by GNU Autoconf 2.69.  Invocation command line was

  $ ./configure 

## --------- ##
## Platform. ##
## --------- ##

hostname = host75-90.harris-cc.fit.edu
uname -m = x86_64
uname -r = 14.1.0
uname -s = Darwin
uname -v = Darwin Kernel Version 14.1.0: Mon Dec 22 23:10:38 PST 2014; root:xnu-2782.10.72~2/RELEASE_X86_64

/usr/bin/uname -p = i386
/bin/uname -X     = unknown

/bin/arch              = unknown
/usr/bin/arch -k       = unknown
/usr/convex/getsysinfo = unknown
/usr/bin/hostinfo      = Mach kernel version:
	 Darwin Kernel Version 14.1.0: Mon Dec 22 23:10:38 PST 2014; root:xnu-2782.10.72~2/RELEASE_X86_64
Kernel configured for up to 4 processors.
2 processors are physically available.
4 processors are logically available.
Processor type: i486 (Intel 80486)
Processors active: 0 1 2 3
Primary memory available: 4.00 gigabytes
Default processor set: 250 tasks, 1157 threads, 4 processors
Load average: 1.07, Mach factor: 2.92
/bin/machine           = unknown
/usr/bin/oslevel       = unknown
/bin/universe          = unknown

PATH: /opt/local/bin
PATH: /opt/local/sbin
PATH: /usr/local/bin
PATH: /usr/bin
PATH: /bin
PATH: /usr/sbin
PATH: /sbin
PATH: /opt/X11/bin
PATH: /usr/texbin


## ----------- ##
## Core tests. ##
## ----------- ##

configure:1879: checking for a BSD-compatible install
configure:1947: result: /usr/bin/install -c
configure:1958: checking whether build environment is sane
configure:2013: result: yes
configure:2164: checking for a thread-safe mkdir -p
configure:2203: result: ./install-sh -c -d
configure:2210: checking for gawk
configure:2226: found /opt/local/bin/gawk
configure:2237: result: gawk
configure:2248: checking whether make sets $(MAKE)
configure:2270: result: yes
configure:2299: checking whether make supports nested variables
configure:2316: result: yes
configure:2486: checking for ranlib
configure:2502: found /opt/local/bin/ranlib
configure:2513: result: ranlib
configure:2601: checking for g++
configure:2617: found /usr/bin/g++
configure:2628: result: g++
configure:2655: checking for C++ compiler version
configure:2664: g++ --version >&5
Apple LLVM version 6.0 (clang-600.0.56) (based on LLVM 3.5svn)
Target: x86_64-apple-darwin14.1.0
Thread model: posix
Configured with: --prefix=/Applications/Xcode.app/Contents/Developer/usr --with-gxx-include-dir=/usr/include/c++/4.2.1
configure:2675: $? = 0
configure:2664: g++ -v >&5
Configured with: --prefix=/Applications/Xcode.app/Contents/Developer/usr --with-gxx-include-dir=/usr/include/c++/4.2.1
Apple LLVM version 6.0 (clang-600.0.56) (based on LLVM 3.5svn)
Target: x86_64-apple-darwin14.1.0
Thread model: posix
configure:2675: $? = 0
configure:2664: g++ -V >&5
clang: error: argument to '-V' is missing (expected 1 value)
clang: error: no input files
configure:2675: $? = 1
configure:2664: g++ -qversion >&5
clang: error: unknown argument: '-qversion'
clang: error: no input files
configure:2675: $? = 1
configure:2695: checking whether the C++ compiler works
configure:2717: g++    conftest.cpp  >&5
configure:2721: $? = 0
configure:2769: result: yes
configure:2772: checking for C++ compiler default output file name
configure:2774: result: a.out
configure:2780: checking for suffix of executables
configure:2787: g++ -o conftest    conftest.cpp  >&5
configure:2791: $? = 0
configure:2813: result: 
configure:2835: checking whether we are cross compiling
configure:2843: g++ -o conftest    conftest.cpp  >&5
configure:2847: $? = 0
configure:2854: ./conftest
configure:2858: $? = 0
configure:2873: result: no
configure:2878: checking for suffix of object files
configure:2900: g++ -c   conftest.cpp >&5
configure:2904: $? = 0
configure:2925: result: o
configure:2929: checking whether we are using the GNU C++ compiler
configure:2948: g++ -c   conftest.cpp >&5
configure:2948: $? = 0
configure:2957: result: yes
configure:2966: checking whether g++ accepts -g
configure:2986: g++ -c -g  conftest.cpp >&5
configure:2986: $? = 0
configure:3027: result: yes
configure:3061: checking for style of include used by make
configure:3089: result: GNU
configure:3115: checking dependency style of g++
configure:3226: result: gcc3
configure:3289: checking for gcc
configure:3305: found /usr/bin/gcc
configure:3316: result: gcc
configure:3545: checking for C compiler version
configure:3554: gcc --version >&5
Apple LLVM version 6.0 (clang-600.0.56) (based on LLVM 3.5svn)
Target: x86_64-apple-darwin14.1.0
Thread model: posix
Configured with: --prefix=/Applications/Xcode.app/Contents/Developer/usr --with-gxx-include-dir=/usr/include/c++/4.2.1
configure:3565: $? = 0
configure:3554: gcc -v >&5
Configured with: --prefix=/Applications/Xcode.app/Contents/Developer/usr --with-gxx-include-dir=/usr/include/c++/4.2.1
Apple LLVM version 6.0 (clang-600.0.56) (based on LLVM 3.5svn)
Target: x86_64-apple-darwin14.1.0
Thread model: posix
configure:3565: $? = 0
configure:3554: gcc -V >&5
clang: error: argument to '-V' is missing (expected 1 value)
clang: error: no input files
configure:3565: $? = 1
configure:3554: gcc -qversion >&5
clang: error: unknown argument: '-qversion'
clang: error: no input files
configure:3565: $? = 1
configure:3569: checking whether we are using the GNU C compiler
configure:3588: gcc -c   conftest.c >&5
configure:3588: $? = 0
configure:3597: result: yes
configure:3606: checking whether gcc accepts -g
configure:3626: gcc -c -g  conftest.c >&5
configure:3626: $? = 0
configure:3667: result: yes
configure:3684: checking for gcc option to accept ISO C89
configure:3747: gcc  -c -g -O2  conftest.c >&5
configure:3747: $? = 0
configure:3760: result: none needed
configure:3785: checking whether gcc understands -c and -o together
configure:3807: gcc -c conftest.c -o conftest2.o
configure:3810: $? = 0
configure:3807: gcc -c conftest.c -o conftest2.o
configure:3810: $? = 0
configure:3822: result: yes
configure:3841: checking dependency style of gcc
configure:3952: result: gcc3
configure:4119: checking that generated files are newer than configure
configure:4125: result: done
configure:4152: creating ./config.status

## ---------------------- ##
## Running config.status. ##
## ---------------------- ##

This file was extended by my_program config.status 0.1, which was
generated by GNU Autoconf 2.69.  Invocation command line was

  CONFIG_FILES    = 
  CONFIG_HEADERS  = 
  CONFIG_LINKS    = 
  CONFIG_COMMANDS = 
  $ ./config.status 

on host75-90.harris-cc.fit.edu

config.status:783: creating Makefile
config.status:783: creating creation_termination/Makefile
config.status:783: creating join/Makefile
config.status:783: creating passing_arguments1/Makefile
config.status:783: creating passing_arguments2/Makefile
config.status:955: executing depfiles commands

## ---------------- ##
## Cache variables. ##
## ---------------- ##

ac_cv_c_compiler_gnu=yes
ac_cv_cxx_compiler_gnu=yes
ac_cv_env_CCC_set=
ac_cv_env_CCC_value=
ac_cv_env_CC_set=
ac_cv_env_CC_value=
ac_cv_env_CFLAGS_set=
ac_cv_env_CFLAGS_value=
ac_cv_env_CPPFLAGS_set=
ac_cv_env_CPPFLAGS_value=
ac_cv_env_CXXFLAGS_set=
ac_cv_env_CXXFLAGS_value=
ac_cv_env_CXX_set=
ac_cv_env_CXX_value=
ac_cv_env_LDFLAGS_set=
ac_cv_env_LDFLAGS_value=
ac_cv_env_LIBS_set=
ac_cv_env_LIBS_value=
ac_cv_env_build_alias_set=
ac_cv_env_build_alias_value=
ac_cv_env_host_alias_set=
ac_cv_env_host_alias_value=
ac_cv_env_target_alias_set=
ac_cv_env_target_alias_value=
ac_cv_objext=o
ac_cv_path_install='/usr/bin/install -c'
ac_cv_prog_AWK=gawk
ac_cv_prog_ac_ct_CC=gcc
ac_cv_prog_ac_ct_CXX=g++
ac_cv_prog_ac_ct_RANLIB=ranlib
ac_cv_prog_cc_c89=
ac_cv_prog_cc_g=yes
ac_cv_prog_cxx_g=yes
ac_cv_prog_make_make_set=yes
am_cv_CC_dependencies_compiler_type=gcc3
am_cv_CXX_dependencies_compiler_type=gcc3
am_cv_make_support_nested_variables=yes
am_cv_prog_cc_c_o=yes

## ----------------- ##
## Output variables. ##
## ----------------- ##

ACLOCAL='${SHELL} /Users/eribeiro/Documents/teaching/cse4001/threads/threads/threads_code/src/missing aclocal-1.14'
AMDEPBACKSLASH='\'
AMDEP_FALSE='#'
AMDEP_TRUE=''
AMTAR='$${TAR-tar}'
AM_BACKSLASH='\'
AM_DEFAULT_V='$(AM_DEFAULT_VERBOSITY)'
AM_DEFAULT_VERBOSITY='1'
AM_V='$(V)'
AUTOCONF='${SHELL} /Users/eribeiro/Documents/teaching/cse4001/threads/threads/threads_code/src/missing autoconf'
AUTOHEADER='${SHELL} /Users/eribeiro/Documents/teaching/cse4001/threads/threads/threads_code/src/missing autoheader'
AUTOMAKE='${SHELL} /Users/eribeiro/Documents/teaching/cse4001/threads/threads/threads_code/src/missing automake-1.14'
AWK='gawk'
CC='gcc'
CCDEPMODE='depmode=gcc3'
CFLAGS='-g -O2'
CPPFLAGS=''
CXX='g++'
CXXDEPMODE='depmode=gcc3'
CXXFLAGS='-g -O2'
CYGPATH_W='echo'
DEFS='-DPACKAGE_NAME=\"my_program\" -DPACKAGE_TARNAME=\"my_program\" -DPACKAGE_VERSION=\"0.1\" -DPACKAGE_STRING=\"my_program\ 0.1\" -DPACKAGE_BUGREPORT=\"\" -DPACKAGE_URL=\"\" -DPACKAGE=\"my_program\" -DVERSION=\"0.1\"'
DEPDIR='.deps'
ECHO_C='\c'
ECHO_N=''
ECHO_T=''
EXEEXT=''
INSTALL_DATA='${INSTALL} -m 644'
INSTALL_PROGRAM='${INSTALL}'
INSTALL_SCRIPT='${INSTALL}'
INSTALL_STRIP_PROGRAM='$(install_sh) -c -s'
LDFLAGS=''
LIBOBJS=''
LIBS=''
LTLIBOBJS=''
MAKEINFO='${SHELL} /Users/eribeiro/Documents/teaching/cse4001/threads/threads/threads_code/src/missing makeinfo'
MKDIR_P='./install-sh -c -d'
OBJEXT='o'
PACKAGE='my_program'
PACKAGE_BUGREPORT=''
PACKAGE_NAME='my_program'
PACKAGE_STRING='my_program 0.1'
PACKAGE_TARNAME='my_program'
PACKAGE_URL=''
PACKAGE_VERSION='0.1'
PATH_SEPARATOR=':'
RANLIB='ranlib'
SET_MAKE=''
SHELL='/bin/sh'
STRIP=''
VERSION='0.1'
ac_ct_CC='gcc'
ac_ct_CXX='g++'
am__EXEEXT_FALSE=''
am__EXEEXT_TRUE='#'
am__fastdepCC_FALSE='#'
am__fastdepCC_TRUE=''
am__fastdepCXX_FALSE='#'
am__fastdepCXX_TRUE=''
am__include='include'
am__isrc=''
am__leading_dot='.'
am__nodep='_no'
am__quote=''
am__tar='$${TAR-tar} chof - "$$tardir"'
am__untar='$${TAR-tar} xf -'
bindir='${exec_prefix}/bin'
build_alias=''
datadir='${datarootdir}'
datarootdir='${prefix}/share'
docdir='${datarootdir}/doc/${PACKAGE_TARNAME}'
dvidir='${docdir}'
exec_prefix='${prefix}'
host_alias=''
htmldir='${docdir}'
includedir='${prefix}/include'
infodir='${datarootdir}/info'
install_sh='${SHELL} /Users/eribeiro/Documents/teaching/cse4001/threads/threads/threads_code/src/install-sh'
libdir='${exec_prefix}/lib'
libexecdir='${exec_prefix}/libexec'
localedir='${datarootdir}/locale'
localstatedir='${prefix}/var'
mandir='${datarootdir}/man'
mkdir_p='$(MKDIR_P)'
oldincludedir='/usr/include'
pdfdir='${docdir}'
prefix='/usr/local'
program_transform_name='s,x,x,'
psdir='${docdir}'
sbindir='${exec_prefix}/sbin'
sharedstatedir='${prefix}/com'
sysconfdir='${prefix}/etc'
target_alias=''

## ----------- ##
## confdefs.h. ##
## ----------- ##

/* confdefs.h */
#define PACKAGE_NAME "my_program"
#define PACKAGE_TARNAME "my_program"
#define PACKAGE_VERSION "0.1"
#define PACKAGE_STRING "my_program 0.1"
#define PACKAGE_BUGREPORT ""
#define PACKAGE_URL ""
#define PACKAGE "my_program"
#define VERSION "0.1"

configure: exit 0
